{"/home/sony/Documentos/Driven/Módulos/Arquitetura/Módulo 5/Projetos/projeto21-singmeasong/back-end/src/app.ts": {"path":"/home/sony/Documentos/Driven/Módulos/Arquitetura/Módulo 5/Projetos/projeto21-singmeasong/back-end/src/app.ts","statementMap":{"0":{"start":{"line":1,"column":0},"end":{"line":1,"column":24}},"1":{"start":{"line":2,"column":0},"end":{"line":2,"column":30}},"2":{"start":{"line":3,"column":0},"end":{"line":3,"column":30}},"3":{"start":{"line":4,"column":0},"end":{"line":4,"column":81}},"4":{"start":{"line":5,"column":0},"end":{"line":5,"column":52}},"5":{"start":{"line":6,"column":0},"end":{"line":6,"column":69}},"6":{"start":{"line":8,"column":12},"end":{"line":8,"column":21}},"7":{"start":{"line":9,"column":0},"end":{"line":9,"column":16}},"8":{"start":{"line":10,"column":0},"end":{"line":10,"column":24}},"9":{"start":{"line":12,"column":0},"end":{"line":14,"column":null}},"10":{"start":{"line":13,"column":1},"end":{"line":13,"column":20}},"11":{"start":{"line":16,"column":0},"end":{"line":16,"column":50}},"12":{"start":{"line":17,"column":0},"end":{"line":17,"column":32}},"13":{"start":{"line":19,"column":0},"end":{"line":19,"column":19}}},"fnMap":{},"branchMap":{"0":{"loc":{"start":{"line":12,"column":0},"end":{"line":14,"column":null}},"type":"if","locations":[{"start":{"line":12,"column":0},"end":{"line":14,"column":null}}]}},"s":{"0":1,"1":1,"2":1,"3":1,"4":1,"5":1,"6":1,"7":1,"8":1,"9":1,"10":0,"11":1,"12":1,"13":1},"f":{},"b":{"0":[0]}}
,"/home/sony/Documentos/Driven/Módulos/Arquitetura/Módulo 5/Projetos/projeto21-singmeasong/back-end/src/database.ts": {"path":"/home/sony/Documentos/Driven/Módulos/Arquitetura/Módulo 5/Projetos/projeto21-singmeasong/back-end/src/database.ts","statementMap":{"0":{"start":{"line":1,"column":0},"end":{"line":1,"column":33}},"1":{"start":{"line":3,"column":25},"end":{"line":3,"column":28}},"2":{"start":{"line":4,"column":15},"end":{"line":4,"column":33}},"3":{"start":{"line":5,"column":0},"end":{"line":5,"column":22}}},"fnMap":{},"branchMap":{},"s":{"0":1,"1":1,"2":1,"3":1},"f":{},"b":{}}
,"/home/sony/Documentos/Driven/Módulos/Arquitetura/Módulo 5/Projetos/projeto21-singmeasong/back-end/src/controllers/e2eController.ts": {"path":"/home/sony/Documentos/Driven/Módulos/Arquitetura/Módulo 5/Projetos/projeto21-singmeasong/back-end/src/controllers/e2eController.ts","statementMap":{"0":{"start":{"line":2,"column":0},"end":{"line":2,"column":55}},"1":{"start":{"line":5,"column":1},"end":{"line":5,"column":29}},"2":{"start":{"line":7,"column":1},"end":{"line":7,"column":28}},"3":{"start":{"line":4,"column":0},"end":{"line":4,"column":22}}},"fnMap":{"0":{"name":"reset","decl":{"start":{"line":4,"column":22},"end":{"line":4,"column":27}},"loc":{"start":{"line":4,"column":55},"end":{"line":8,"column":null}}}},"branchMap":{},"s":{"0":1,"1":0,"2":0,"3":1},"f":{"0":0},"b":{}}
,"/home/sony/Documentos/Driven/Módulos/Arquitetura/Módulo 5/Projetos/projeto21-singmeasong/back-end/src/controllers/recommendationController.ts": {"path":"/home/sony/Documentos/Driven/Módulos/Arquitetura/Módulo 5/Projetos/projeto21-singmeasong/back-end/src/controllers/recommendationController.ts","statementMap":{"0":{"start":{"line":2,"column":0},"end":{"line":2,"column":76}},"1":{"start":{"line":3,"column":0},"end":{"line":3,"column":78}},"2":{"start":{"line":4,"column":0},"end":{"line":4,"column":58}},"3":{"start":{"line":7,"column":20},"end":{"line":7,"column":59}},"4":{"start":{"line":8,"column":1},"end":{"line":10,"column":null}},"5":{"start":{"line":9,"column":2},"end":{"line":9,"column":27}},"6":{"start":{"line":12,"column":1},"end":{"line":12,"column":46}},"7":{"start":{"line":14,"column":1},"end":{"line":14,"column":21}},"8":{"start":{"line":18,"column":16},"end":{"line":18,"column":26}},"9":{"start":{"line":20,"column":1},"end":{"line":20,"column":41}},"10":{"start":{"line":22,"column":1},"end":{"line":22,"column":21}},"11":{"start":{"line":26,"column":16},"end":{"line":26,"column":26}},"12":{"start":{"line":28,"column":1},"end":{"line":28,"column":43}},"13":{"start":{"line":30,"column":1},"end":{"line":30,"column":21}},"14":{"start":{"line":34,"column":30},"end":{"line":34,"column":69}},"15":{"start":{"line":36,"column":1},"end":{"line":36,"column":32}},"16":{"start":{"line":40,"column":25},"end":{"line":40,"column":58}},"17":{"start":{"line":41,"column":1},"end":{"line":41,"column":27}},"18":{"start":{"line":45,"column":20},"end":{"line":45,"column":30}},"19":{"start":{"line":47,"column":25},"end":{"line":47,"column":68}},"20":{"start":{"line":48,"column":1},"end":{"line":48,"column":27}},"21":{"start":{"line":52,"column":16},"end":{"line":52,"column":26}},"22":{"start":{"line":54,"column":24},"end":{"line":54,"column":64}},"23":{"start":{"line":55,"column":1},"end":{"line":55,"column":26}},"24":{"start":{"line":58,"column":13},"end":{"line":66,"column":2}}},"fnMap":{"0":{"name":"insert","decl":{"start":{"line":6,"column":15},"end":{"line":6,"column":21}},"loc":{"start":{"line":6,"column":49},"end":{"line":15,"column":null}}},"1":{"name":"upvote","decl":{"start":{"line":17,"column":15},"end":{"line":17,"column":21}},"loc":{"start":{"line":17,"column":49},"end":{"line":23,"column":null}}},"2":{"name":"downvote","decl":{"start":{"line":25,"column":15},"end":{"line":25,"column":23}},"loc":{"start":{"line":25,"column":51},"end":{"line":31,"column":null}}},"3":{"name":"random","decl":{"start":{"line":33,"column":15},"end":{"line":33,"column":21}},"loc":{"start":{"line":33,"column":49},"end":{"line":37,"column":null}}},"4":{"name":"get","decl":{"start":{"line":39,"column":15},"end":{"line":39,"column":18}},"loc":{"start":{"line":39,"column":46},"end":{"line":42,"column":null}}},"5":{"name":"getTop","decl":{"start":{"line":44,"column":15},"end":{"line":44,"column":21}},"loc":{"start":{"line":44,"column":49},"end":{"line":49,"column":null}}},"6":{"name":"getById","decl":{"start":{"line":51,"column":15},"end":{"line":51,"column":22}},"loc":{"start":{"line":51,"column":50},"end":{"line":56,"column":null}}}},"branchMap":{"0":{"loc":{"start":{"line":8,"column":1},"end":{"line":10,"column":null}},"type":"if","locations":[{"start":{"line":8,"column":1},"end":{"line":10,"column":null}}]}},"s":{"0":1,"1":1,"2":1,"3":0,"4":0,"5":0,"6":0,"7":0,"8":0,"9":0,"10":0,"11":0,"12":0,"13":0,"14":0,"15":0,"16":0,"17":0,"18":0,"19":0,"20":0,"21":0,"22":0,"23":0,"24":1},"f":{"0":0,"1":0,"2":0,"3":0,"4":0,"5":0,"6":0},"b":{"0":[0]}}
,"/home/sony/Documentos/Driven/Módulos/Arquitetura/Módulo 5/Projetos/projeto21-singmeasong/back-end/src/middlewares/errorHandlerMiddleware.ts": {"path":"/home/sony/Documentos/Driven/Módulos/Arquitetura/Módulo 5/Projetos/projeto21-singmeasong/back-end/src/middlewares/errorHandlerMiddleware.ts","statementMap":{"0":{"start":{"line":2,"column":0},"end":{"line":2,"column":null}},"1":{"start":{"line":15,"column":1},"end":{"line":15,"column":18}},"2":{"start":{"line":17,"column":1},"end":{"line":19,"column":null}},"3":{"start":{"line":18,"column":2},"end":{"line":18,"column":71}},"4":{"start":{"line":21,"column":1},"end":{"line":21,"column":28}},"5":{"start":{"line":8,"column":0},"end":{"line":8,"column":16}}},"fnMap":{"0":{"name":"errorHandlerMiddleware","decl":{"start":{"line":8,"column":16},"end":{"line":8,"column":38}},"loc":{"start":{"line":13,"column":19},"end":{"line":22,"column":1}}}},"branchMap":{"0":{"loc":{"start":{"line":17,"column":1},"end":{"line":19,"column":null}},"type":"if","locations":[{"start":{"line":17,"column":1},"end":{"line":19,"column":null}}]}},"s":{"0":1,"1":0,"2":0,"3":0,"4":0,"5":1},"f":{"0":0},"b":{"0":[0]}}
,"/home/sony/Documentos/Driven/Módulos/Arquitetura/Módulo 5/Projetos/projeto21-singmeasong/back-end/src/repositories/e2eRepository.ts": {"path":"/home/sony/Documentos/Driven/Módulos/Arquitetura/Módulo 5/Projetos/projeto21-singmeasong/back-end/src/repositories/e2eRepository.ts","statementMap":{"0":{"start":{"line":1,"column":0},"end":{"line":1,"column":37}},"1":{"start":{"line":4,"column":1},"end":{"line":4,"column":75}},"2":{"start":{"line":7,"column":13},"end":{"line":9,"column":2}}},"fnMap":{"0":{"name":"truncate","decl":{"start":{"line":3,"column":15},"end":{"line":3,"column":23}},"loc":{"start":{"line":3,"column":23},"end":{"line":5,"column":null}}}},"branchMap":{},"s":{"0":1,"1":0,"2":1},"f":{"0":0},"b":{}}
,"/home/sony/Documentos/Driven/Módulos/Arquitetura/Módulo 5/Projetos/projeto21-singmeasong/back-end/src/repositories/recommendationRepository.ts": {"path":"/home/sony/Documentos/Driven/Módulos/Arquitetura/Módulo 5/Projetos/projeto21-singmeasong/back-end/src/repositories/recommendationRepository.ts","statementMap":{"0":{"start":{"line":2,"column":0},"end":{"line":2,"column":38}},"1":{"start":{"line":6,"column":1},"end":{"line":8,"column":4}},"2":{"start":{"line":17,"column":16},"end":{"line":17,"column":46}},"3":{"start":{"line":19,"column":1},"end":{"line":23,"column":4}},"4":{"start":{"line":27,"column":1},"end":{"line":30,"column":4}},"5":{"start":{"line":36,"column":1},"end":{"line":36,"column":30}},"6":{"start":{"line":36,"column":20},"end":{"line":36,"column":30}},"7":{"start":{"line":38,"column":32},"end":{"line":38,"column":44}},"8":{"start":{"line":40,"column":1},"end":{"line":42,"column":3}},"9":{"start":{"line":46,"column":1},"end":{"line":48,"column":4}},"10":{"start":{"line":52,"column":1},"end":{"line":54,"column":4}},"11":{"start":{"line":58,"column":1},"end":{"line":63,"column":4}},"12":{"start":{"line":67,"column":1},"end":{"line":69,"column":4}},"13":{"start":{"line":72,"column":13},"end":{"line":80,"column":2}}},"fnMap":{"0":{"name":"create","decl":{"start":{"line":5,"column":15},"end":{"line":5,"column":21}},"loc":{"start":{"line":5,"column":72},"end":{"line":9,"column":null}}},"1":{"name":"findAll","decl":{"start":{"line":16,"column":9},"end":{"line":16,"column":16}},"loc":{"start":{"line":16,"column":44},"end":{"line":24,"column":1}}},"2":{"name":"getAmountByScore","decl":{"start":{"line":26,"column":9},"end":{"line":26,"column":25}},"loc":{"start":{"line":26,"column":38},"end":{"line":31,"column":1}}},"3":{"name":"getFindAllFilter","decl":{"start":{"line":33,"column":9},"end":{"line":33,"column":25}},"loc":{"start":{"line":34,"column":28},"end":{"line":43,"column":1}}},"4":{"name":"find","decl":{"start":{"line":45,"column":9},"end":{"line":45,"column":13}},"loc":{"start":{"line":45,"column":24},"end":{"line":49,"column":1}}},"5":{"name":"findByName","decl":{"start":{"line":51,"column":9},"end":{"line":51,"column":19}},"loc":{"start":{"line":51,"column":32},"end":{"line":55,"column":1}}},"6":{"name":"updateScore","decl":{"start":{"line":57,"column":15},"end":{"line":57,"column":26}},"loc":{"start":{"line":57,"column":75},"end":{"line":64,"column":null}}},"7":{"name":"remove","decl":{"start":{"line":66,"column":15},"end":{"line":66,"column":21}},"loc":{"start":{"line":66,"column":32},"end":{"line":70,"column":null}}}},"branchMap":{"0":{"loc":{"start":{"line":36,"column":1},"end":{"line":36,"column":30}},"type":"if","locations":[{"start":{"line":36,"column":1},"end":{"line":36,"column":30}}]}},"s":{"0":1,"1":0,"2":0,"3":0,"4":0,"5":0,"6":0,"7":0,"8":0,"9":0,"10":0,"11":0,"12":0,"13":1},"f":{"0":0,"1":0,"2":0,"3":0,"4":0,"5":0,"6":0,"7":0},"b":{"0":[0]}}
,"/home/sony/Documentos/Driven/Módulos/Arquitetura/Módulo 5/Projetos/projeto21-singmeasong/back-end/src/routers/e2eRouter.ts": {"path":"/home/sony/Documentos/Driven/Módulos/Arquitetura/Módulo 5/Projetos/projeto21-singmeasong/back-end/src/routers/e2eRouter.ts","statementMap":{"0":{"start":{"line":1,"column":0},"end":{"line":1,"column":33}},"1":{"start":{"line":2,"column":0},"end":{"line":2,"column":56}},"2":{"start":{"line":4,"column":18},"end":{"line":4,"column":26}},"3":{"start":{"line":6,"column":0},"end":{"line":6,"column":36}},"4":{"start":{"line":8,"column":0},"end":{"line":8,"column":25}}},"fnMap":{},"branchMap":{},"s":{"0":1,"1":1,"2":1,"3":1,"4":1},"f":{},"b":{}}
,"/home/sony/Documentos/Driven/Módulos/Arquitetura/Módulo 5/Projetos/projeto21-singmeasong/back-end/src/routers/recommendationRouter.ts": {"path":"/home/sony/Documentos/Driven/Módulos/Arquitetura/Módulo 5/Projetos/projeto21-singmeasong/back-end/src/routers/recommendationRouter.ts","statementMap":{"0":{"start":{"line":1,"column":0},"end":{"line":1,"column":33}},"1":{"start":{"line":2,"column":0},"end":{"line":2,"column":86}},"2":{"start":{"line":4,"column":29},"end":{"line":4,"column":37}},"3":{"start":{"line":6,"column":0},"end":{"line":6,"column":64}},"4":{"start":{"line":7,"column":0},"end":{"line":7,"column":60}},"5":{"start":{"line":8,"column":0},"end":{"line":8,"column":69}},"6":{"start":{"line":9,"column":0},"end":{"line":9,"column":74}},"7":{"start":{"line":10,"column":0},"end":{"line":10,"column":67}},"8":{"start":{"line":11,"column":0},"end":{"line":11,"column":74}},"9":{"start":{"line":12,"column":0},"end":{"line":12,"column":78}},"10":{"start":{"line":14,"column":0},"end":{"line":14,"column":36}}},"fnMap":{},"branchMap":{},"s":{"0":1,"1":1,"2":1,"3":1,"4":1,"5":1,"6":1,"7":1,"8":1,"9":1,"10":1},"f":{},"b":{}}
,"/home/sony/Documentos/Driven/Módulos/Arquitetura/Módulo 5/Projetos/projeto21-singmeasong/back-end/src/schemas/recommendationsSchemas.ts": {"path":"/home/sony/Documentos/Driven/Módulos/Arquitetura/Módulo 5/Projetos/projeto21-singmeasong/back-end/src/schemas/recommendationsSchemas.ts","statementMap":{"0":{"start":{"line":1,"column":0},"end":{"line":1,"column":22}},"1":{"start":{"line":5,"column":25},"end":{"line":5,"column":78}},"2":{"start":{"line":7,"column":13},"end":{"line":10,"column":3}}},"fnMap":{},"branchMap":{},"s":{"0":1,"1":1,"2":1},"f":{},"b":{}}
,"/home/sony/Documentos/Driven/Módulos/Arquitetura/Módulo 5/Projetos/projeto21-singmeasong/back-end/src/services/e2eService.ts": {"path":"/home/sony/Documentos/Driven/Módulos/Arquitetura/Módulo 5/Projetos/projeto21-singmeasong/back-end/src/services/e2eService.ts","statementMap":{"0":{"start":{"line":1,"column":0},"end":{"line":1,"column":63}},"1":{"start":{"line":4,"column":1},"end":{"line":4,"column":32}},"2":{"start":{"line":7,"column":13},"end":{"line":9,"column":2}}},"fnMap":{"0":{"name":"truncate","decl":{"start":{"line":3,"column":15},"end":{"line":3,"column":23}},"loc":{"start":{"line":3,"column":23},"end":{"line":5,"column":null}}}},"branchMap":{},"s":{"0":1,"1":1,"2":1},"f":{"0":1},"b":{}}
,"/home/sony/Documentos/Driven/Módulos/Arquitetura/Módulo 5/Projetos/projeto21-singmeasong/back-end/src/services/recommendationsService.ts": {"path":"/home/sony/Documentos/Driven/Módulos/Arquitetura/Módulo 5/Projetos/projeto21-singmeasong/back-end/src/services/recommendationsService.ts","statementMap":{"0":{"start":{"line":2,"column":0},"end":{"line":2,"column":87}},"1":{"start":{"line":3,"column":0},"end":{"line":3,"column":70}},"2":{"start":{"line":10,"column":32},"end":{"line":11,"column":null}},"3":{"start":{"line":13,"column":1},"end":{"line":14,"column":62}},"4":{"start":{"line":14,"column":2},"end":{"line":14,"column":62}},"5":{"start":{"line":16,"column":1},"end":{"line":16,"column":65}},"6":{"start":{"line":20,"column":1},"end":{"line":20,"column":25}},"7":{"start":{"line":22,"column":1},"end":{"line":22,"column":61}},"8":{"start":{"line":26,"column":1},"end":{"line":26,"column":25}},"9":{"start":{"line":28,"column":31},"end":{"line":30,"column":null}},"10":{"start":{"line":32,"column":1},"end":{"line":34,"column":null}},"11":{"start":{"line":33,"column":2},"end":{"line":33,"column":44}},"12":{"start":{"line":38,"column":24},"end":{"line":38,"column":63}},"13":{"start":{"line":39,"column":1},"end":{"line":39,"column":44}},"14":{"start":{"line":39,"column":22},"end":{"line":39,"column":44}},"15":{"start":{"line":41,"column":1},"end":{"line":41,"column":23}},"16":{"start":{"line":45,"column":1},"end":{"line":45,"column":43}},"17":{"start":{"line":49,"column":1},"end":{"line":49,"column":58}},"18":{"start":{"line":53,"column":16},"end":{"line":53,"column":29}},"19":{"start":{"line":55,"column":1},"end":{"line":55,"column":27}},"20":{"start":{"line":56,"column":1},"end":{"line":56,"column":21}},"21":{"start":{"line":58,"column":21},"end":{"line":58,"column":43}},"22":{"start":{"line":60,"column":1},"end":{"line":60,"column":63}},"23":{"start":{"line":61,"column":1},"end":{"line":61,"column":26}},"24":{"start":{"line":63,"column":25},"end":{"line":63,"column":54}},"25":{"start":{"line":65,"column":1},"end":{"line":65,"column":52}},"26":{"start":{"line":66,"column":1},"end":{"line":66,"column":30}},"27":{"start":{"line":68,"column":1},"end":{"line":70,"column":null}},"28":{"start":{"line":69,"column":2},"end":{"line":69,"column":24}},"29":{"start":{"line":72,"column":21},"end":{"line":72,"column":71}},"30":{"start":{"line":73,"column":1},"end":{"line":73,"column":37}},"31":{"start":{"line":77,"column":25},"end":{"line":80,"column":3}},"32":{"start":{"line":82,"column":1},"end":{"line":84,"column":null}},"33":{"start":{"line":83,"column":2},"end":{"line":83,"column":25}},"34":{"start":{"line":86,"column":1},"end":{"line":86,"column":43}},"35":{"start":{"line":90,"column":1},"end":{"line":92,"column":null}},"36":{"start":{"line":91,"column":2},"end":{"line":91,"column":14}},"37":{"start":{"line":94,"column":1},"end":{"line":94,"column":14}},"38":{"start":{"line":97,"column":13},"end":{"line":105,"column":2}}},"fnMap":{"0":{"name":"insert","decl":{"start":{"line":9,"column":15},"end":{"line":9,"column":21}},"loc":{"start":{"line":9,"column":72},"end":{"line":17,"column":null}}},"1":{"name":"upvote","decl":{"start":{"line":19,"column":15},"end":{"line":19,"column":21}},"loc":{"start":{"line":19,"column":32},"end":{"line":23,"column":null}}},"2":{"name":"downvote","decl":{"start":{"line":25,"column":15},"end":{"line":25,"column":23}},"loc":{"start":{"line":25,"column":34},"end":{"line":35,"column":null}}},"3":{"name":"getByIdOrFail","decl":{"start":{"line":37,"column":15},"end":{"line":37,"column":28}},"loc":{"start":{"line":37,"column":39},"end":{"line":42,"column":null}}},"4":{"name":"get","decl":{"start":{"line":44,"column":15},"end":{"line":44,"column":18}},"loc":{"start":{"line":44,"column":18},"end":{"line":46,"column":null}}},"5":{"name":"getTop","decl":{"start":{"line":48,"column":15},"end":{"line":48,"column":21}},"loc":{"start":{"line":48,"column":36},"end":{"line":50,"column":null}}},"6":{"name":"getRandom","decl":{"start":{"line":52,"column":15},"end":{"line":52,"column":24}},"loc":{"start":{"line":52,"column":24},"end":{"line":74,"column":null}}},"7":{"name":"getByScore","decl":{"start":{"line":76,"column":15},"end":{"line":76,"column":25}},"loc":{"start":{"line":76,"column":51},"end":{"line":87,"column":null}}},"8":{"name":"getScoreFilter","decl":{"start":{"line":89,"column":9},"end":{"line":89,"column":23}},"loc":{"start":{"line":89,"column":38},"end":{"line":95,"column":1}}}},"branchMap":{"0":{"loc":{"start":{"line":13,"column":1},"end":{"line":14,"column":62}},"type":"if","locations":[{"start":{"line":13,"column":1},"end":{"line":14,"column":62}}]},"1":{"loc":{"start":{"line":32,"column":1},"end":{"line":34,"column":null}},"type":"if","locations":[{"start":{"line":32,"column":1},"end":{"line":34,"column":null}}]},"2":{"loc":{"start":{"line":39,"column":1},"end":{"line":39,"column":44}},"type":"if","locations":[{"start":{"line":39,"column":1},"end":{"line":39,"column":44}}]},"3":{"loc":{"start":{"line":68,"column":1},"end":{"line":70,"column":null}},"type":"if","locations":[{"start":{"line":68,"column":1},"end":{"line":70,"column":null}}]},"4":{"loc":{"start":{"line":82,"column":1},"end":{"line":84,"column":null}},"type":"if","locations":[{"start":{"line":82,"column":1},"end":{"line":84,"column":null}}]},"5":{"loc":{"start":{"line":90,"column":1},"end":{"line":92,"column":null}},"type":"if","locations":[{"start":{"line":90,"column":1},"end":{"line":92,"column":null}}]}},"s":{"0":1,"1":1,"2":2,"3":2,"4":1,"5":1,"6":2,"7":1,"8":3,"9":2,"10":2,"11":1,"12":5,"13":5,"14":2,"15":3,"16":1,"17":1,"18":3,"19":3,"20":3,"21":3,"22":3,"23":3,"24":3,"25":3,"26":3,"27":3,"28":1,"29":2,"30":2,"31":3,"32":3,"33":2,"34":1,"35":3,"36":2,"37":1,"38":1},"f":{"0":2,"1":2,"2":3,"3":5,"4":1,"5":1,"6":3,"7":3,"8":3},"b":{"0":[1],"1":[1],"2":[2],"3":[1],"4":[2],"5":[2]}}
,"/home/sony/Documentos/Driven/Módulos/Arquitetura/Módulo 5/Projetos/projeto21-singmeasong/back-end/src/utils/errorUtils.ts": {"path":"/home/sony/Documentos/Driven/Módulos/Arquitetura/Módulo 5/Projetos/projeto21-singmeasong/back-end/src/utils/errorUtils.ts","statementMap":{"0":{"start":{"line":8,"column":1},"end":{"line":8,"column":47}},"1":{"start":{"line":7,"column":0},"end":{"line":7,"column":16}},"2":{"start":{"line":12,"column":1},"end":{"line":12,"column":37}},"3":{"start":{"line":12,"column":26},"end":{"line":12,"column":37}},"4":{"start":{"line":13,"column":1},"end":{"line":13,"column":38}},"5":{"start":{"line":13,"column":27},"end":{"line":13,"column":38}},"6":{"start":{"line":14,"column":1},"end":{"line":14,"column":41}},"7":{"start":{"line":14,"column":30},"end":{"line":14,"column":41}},"8":{"start":{"line":15,"column":1},"end":{"line":15,"column":41}},"9":{"start":{"line":15,"column":30},"end":{"line":15,"column":41}},"10":{"start":{"line":16,"column":1},"end":{"line":16,"column":12}},"11":{"start":{"line":11,"column":0},"end":{"line":11,"column":16}},"12":{"start":{"line":20,"column":1},"end":{"line":20,"column":53}},"13":{"start":{"line":19,"column":0},"end":{"line":19,"column":16}},"14":{"start":{"line":24,"column":1},"end":{"line":24,"column":54}},"15":{"start":{"line":23,"column":0},"end":{"line":23,"column":16}},"16":{"start":{"line":28,"column":1},"end":{"line":28,"column":57}},"17":{"start":{"line":27,"column":0},"end":{"line":27,"column":16}},"18":{"start":{"line":32,"column":1},"end":{"line":32,"column":57}},"19":{"start":{"line":31,"column":0},"end":{"line":31,"column":16}}},"fnMap":{"0":{"name":"isAppError","decl":{"start":{"line":7,"column":16},"end":{"line":7,"column":26}},"loc":{"start":{"line":7,"column":40},"end":{"line":9,"column":1}}},"1":{"name":"errorTypeToStatusCode","decl":{"start":{"line":11,"column":16},"end":{"line":11,"column":37}},"loc":{"start":{"line":11,"column":57},"end":{"line":17,"column":1}}},"2":{"name":"conflictError","decl":{"start":{"line":19,"column":16},"end":{"line":19,"column":29}},"loc":{"start":{"line":19,"column":46},"end":{"line":21,"column":1}}},"3":{"name":"notFoundError","decl":{"start":{"line":23,"column":16},"end":{"line":23,"column":29}},"loc":{"start":{"line":23,"column":46},"end":{"line":25,"column":1}}},"4":{"name":"unauthorizedError","decl":{"start":{"line":27,"column":16},"end":{"line":27,"column":33}},"loc":{"start":{"line":27,"column":50},"end":{"line":29,"column":1}}},"5":{"name":"wrongSchemaError","decl":{"start":{"line":31,"column":16},"end":{"line":31,"column":32}},"loc":{"start":{"line":31,"column":49},"end":{"line":33,"column":1}}}},"branchMap":{"0":{"loc":{"start":{"line":12,"column":1},"end":{"line":12,"column":37}},"type":"if","locations":[{"start":{"line":12,"column":1},"end":{"line":12,"column":37}}]},"1":{"loc":{"start":{"line":13,"column":1},"end":{"line":13,"column":38}},"type":"if","locations":[{"start":{"line":13,"column":1},"end":{"line":13,"column":38}}]},"2":{"loc":{"start":{"line":14,"column":1},"end":{"line":14,"column":41}},"type":"if","locations":[{"start":{"line":14,"column":1},"end":{"line":14,"column":41}}]},"3":{"loc":{"start":{"line":15,"column":1},"end":{"line":15,"column":41}},"type":"if","locations":[{"start":{"line":15,"column":1},"end":{"line":15,"column":41}}]},"4":{"loc":{"start":{"line":20,"column":37},"end":{"line":20,"column":50}},"type":"cond-expr","locations":[{"start":{"line":20,"column":37},"end":{"line":20,"column":44}},{"start":{"line":20,"column":48},"end":{"line":20,"column":50}}]},"5":{"loc":{"start":{"line":20,"column":37},"end":{"line":20,"column":48}},"type":"binary-expr","locations":[{"start":{"line":20,"column":37},"end":{"line":20,"column":48}},{"start":{"line":20,"column":37},"end":{"line":20,"column":48}}]},"6":{"loc":{"start":{"line":24,"column":38},"end":{"line":24,"column":51}},"type":"cond-expr","locations":[{"start":{"line":24,"column":38},"end":{"line":24,"column":45}},{"start":{"line":24,"column":49},"end":{"line":24,"column":51}}]},"7":{"loc":{"start":{"line":24,"column":38},"end":{"line":24,"column":49}},"type":"binary-expr","locations":[{"start":{"line":24,"column":38},"end":{"line":24,"column":49}},{"start":{"line":24,"column":38},"end":{"line":24,"column":49}}]},"8":{"loc":{"start":{"line":28,"column":41},"end":{"line":28,"column":54}},"type":"cond-expr","locations":[{"start":{"line":28,"column":41},"end":{"line":28,"column":48}},{"start":{"line":28,"column":52},"end":{"line":28,"column":54}}]},"9":{"loc":{"start":{"line":28,"column":41},"end":{"line":28,"column":52}},"type":"binary-expr","locations":[{"start":{"line":28,"column":41},"end":{"line":28,"column":52}},{"start":{"line":28,"column":41},"end":{"line":28,"column":52}}]},"10":{"loc":{"start":{"line":32,"column":41},"end":{"line":32,"column":54}},"type":"cond-expr","locations":[{"start":{"line":32,"column":41},"end":{"line":32,"column":48}},{"start":{"line":32,"column":52},"end":{"line":32,"column":54}}]},"11":{"loc":{"start":{"line":32,"column":41},"end":{"line":32,"column":52}},"type":"binary-expr","locations":[{"start":{"line":32,"column":41},"end":{"line":32,"column":52}},{"start":{"line":32,"column":41},"end":{"line":32,"column":52}}]}},"s":{"0":0,"1":1,"2":0,"3":0,"4":0,"5":0,"6":0,"7":0,"8":0,"9":0,"10":0,"11":1,"12":2,"13":1,"14":3,"15":1,"16":0,"17":1,"18":0,"19":1},"f":{"0":0,"1":0,"2":2,"3":3,"4":0,"5":0},"b":{"0":[0],"1":[0],"2":[0],"3":[0],"4":[2,0],"5":[2,2],"6":[0,3],"7":[3,3],"8":[0,0],"9":[0,0],"10":[0,0],"11":[0,0]}}
,"/home/sony/Documentos/Driven/Módulos/Arquitetura/Módulo 5/Projetos/projeto21-singmeasong/back-end/tests/factory/recomendantionFactory.ts": {"path":"/home/sony/Documentos/Driven/Módulos/Arquitetura/Módulo 5/Projetos/projeto21-singmeasong/back-end/tests/factory/recomendantionFactory.ts","statementMap":{"0":{"start":{"line":1,"column":0},"end":{"line":1,"column":38}},"1":{"start":{"line":2,"column":0},"end":{"line":2,"column":32}},"2":{"start":{"line":3,"column":0},"end":{"line":3,"column":34}},"3":{"start":{"line":4,"column":0},"end":{"line":4,"column":40}},"4":{"start":{"line":7,"column":1},"end":{"line":10,"column":3}},"5":{"start":{"line":6,"column":0},"end":{"line":6,"column":22}},"6":{"start":{"line":15,"column":14},"end":{"line":15,"column":36}},"7":{"start":{"line":19,"column":16},"end":{"line":20,"column":13}},"8":{"start":{"line":22,"column":28},"end":{"line":24,"column":3}},"9":{"start":{"line":25,"column":1},"end":{"line":25,"column":27}},"10":{"start":{"line":14,"column":0},"end":{"line":14,"column":22}},"11":{"start":{"line":29,"column":25},"end":{"line":42,"column":3}},"12":{"start":{"line":43,"column":1},"end":{"line":43,"column":24}},"13":{"start":{"line":28,"column":0},"end":{"line":28,"column":22}}},"fnMap":{"0":{"name":"createBodyTest","decl":{"start":{"line":6,"column":22},"end":{"line":6,"column":36}},"loc":{"start":{"line":6,"column":36},"end":{"line":12,"column":null}}},"1":{"name":"createRecommendation","decl":{"start":{"line":14,"column":22},"end":{"line":14,"column":42}},"loc":{"start":{"line":14,"column":42},"end":{"line":26,"column":null}}},"2":{"name":"makeRecommendations","decl":{"start":{"line":28,"column":22},"end":{"line":28,"column":41}},"loc":{"start":{"line":28,"column":41},"end":{"line":46,"column":null}}}},"branchMap":{},"s":{"0":1,"1":1,"2":1,"3":1,"4":2,"5":1,"6":0,"7":0,"8":0,"9":0,"10":1,"11":3,"12":3,"13":1},"f":{"0":2,"1":0,"2":3},"b":{}}
}
