TN:
SF:src/app.ts
FNF:0
FNH:0
DA:1,1
DA:2,1
DA:3,1
DA:4,1
DA:5,1
DA:6,1
DA:8,1
DA:9,1
DA:10,1
DA:12,1
DA:13,0
DA:16,1
DA:17,1
DA:19,1
LF:14
LH:13
BRDA:12,0,0,0
BRF:1
BRH:0
end_of_record
TN:
SF:src/database.ts
FNF:0
FNH:0
DA:1,1
DA:3,1
DA:4,1
DA:5,1
LF:4
LH:4
BRF:0
BRH:0
end_of_record
TN:
SF:src/controllers/e2eController.ts
FN:4,reset
FNF:1
FNH:0
FNDA:0,reset
DA:2,1
DA:4,1
DA:5,0
DA:7,0
LF:4
LH:2
BRF:0
BRH:0
end_of_record
TN:
SF:src/controllers/recommendationController.ts
FN:6,insert
FN:17,upvote
FN:25,downvote
FN:33,random
FN:39,get
FN:44,getTop
FN:51,getById
FNF:7
FNH:0
FNDA:0,insert
FNDA:0,upvote
FNDA:0,downvote
FNDA:0,random
FNDA:0,get
FNDA:0,getTop
FNDA:0,getById
DA:2,1
DA:3,1
DA:4,1
DA:7,0
DA:8,0
DA:9,0
DA:12,0
DA:14,0
DA:18,0
DA:20,0
DA:22,0
DA:26,0
DA:28,0
DA:30,0
DA:34,0
DA:36,0
DA:40,0
DA:41,0
DA:45,0
DA:47,0
DA:48,0
DA:52,0
DA:54,0
DA:55,0
DA:58,1
LF:25
LH:4
BRDA:8,0,0,0
BRF:1
BRH:0
end_of_record
TN:
SF:src/middlewares/errorHandlerMiddleware.ts
FN:8,errorHandlerMiddleware
FNF:1
FNH:0
FNDA:0,errorHandlerMiddleware
DA:2,1
DA:8,1
DA:15,0
DA:17,0
DA:18,0
DA:21,0
LF:6
LH:2
BRDA:17,0,0,0
BRF:1
BRH:0
end_of_record
TN:
SF:src/repositories/e2eRepository.ts
FN:3,truncate
FNF:1
FNH:0
FNDA:0,truncate
DA:1,1
DA:4,0
DA:7,1
LF:3
LH:2
BRF:0
BRH:0
end_of_record
TN:
SF:src/repositories/recommendationRepository.ts
FN:5,create
FN:16,findAll
FN:26,getAmountByScore
FN:33,getFindAllFilter
FN:45,find
FN:51,findByName
FN:57,updateScore
FN:66,remove
FNF:8
FNH:0
FNDA:0,create
FNDA:0,findAll
FNDA:0,getAmountByScore
FNDA:0,getFindAllFilter
FNDA:0,find
FNDA:0,findByName
FNDA:0,updateScore
FNDA:0,remove
DA:2,1
DA:6,0
DA:17,0
DA:19,0
DA:27,0
DA:36,0
DA:38,0
DA:40,0
DA:46,0
DA:52,0
DA:58,0
DA:67,0
DA:72,1
LF:13
LH:2
BRDA:36,0,0,0
BRF:1
BRH:0
end_of_record
TN:
SF:src/routers/e2eRouter.ts
FNF:0
FNH:0
DA:1,1
DA:2,1
DA:4,1
DA:6,1
DA:8,1
LF:5
LH:5
BRF:0
BRH:0
end_of_record
TN:
SF:src/routers/recommendationRouter.ts
FNF:0
FNH:0
DA:1,1
DA:2,1
DA:4,1
DA:6,1
DA:7,1
DA:8,1
DA:9,1
DA:10,1
DA:11,1
DA:12,1
DA:14,1
LF:11
LH:11
BRF:0
BRH:0
end_of_record
TN:
SF:src/schemas/recommendationsSchemas.ts
FNF:0
FNH:0
DA:1,1
DA:5,1
DA:7,1
LF:3
LH:3
BRF:0
BRH:0
end_of_record
TN:
SF:src/services/e2eService.ts
FN:3,truncate
FNF:1
FNH:1
FNDA:1,truncate
DA:1,1
DA:4,1
DA:7,1
LF:3
LH:3
BRF:0
BRH:0
end_of_record
TN:
SF:src/services/recommendationsService.ts
FN:9,insert
FN:19,upvote
FN:25,downvote
FN:37,getByIdOrFail
FN:44,get
FN:48,getTop
FN:52,getRandom
FN:76,getByScore
FN:89,getScoreFilter
FNF:9
FNH:9
FNDA:2,insert
FNDA:2,upvote
FNDA:3,downvote
FNDA:5,getByIdOrFail
FNDA:1,get
FNDA:1,getTop
FNDA:3,getRandom
FNDA:3,getByScore
FNDA:3,getScoreFilter
DA:2,1
DA:3,1
DA:10,2
DA:13,2
DA:14,1
DA:16,1
DA:20,2
DA:22,1
DA:26,3
DA:28,2
DA:32,2
DA:33,1
DA:38,5
DA:39,5
DA:41,3
DA:45,1
DA:49,1
DA:53,3
DA:55,3
DA:56,3
DA:58,3
DA:60,3
DA:61,3
DA:63,3
DA:65,3
DA:66,3
DA:68,3
DA:69,1
DA:72,2
DA:73,2
DA:77,3
DA:82,3
DA:83,2
DA:86,1
DA:90,3
DA:91,2
DA:94,1
DA:97,1
LF:38
LH:38
BRDA:13,0,0,1
BRDA:32,1,0,1
BRDA:39,2,0,2
BRDA:68,3,0,1
BRDA:82,4,0,2
BRDA:90,5,0,2
BRF:6
BRH:6
end_of_record
TN:
SF:src/utils/errorUtils.ts
FN:7,isAppError
FN:11,errorTypeToStatusCode
FN:19,conflictError
FN:23,notFoundError
FN:27,unauthorizedError
FN:31,wrongSchemaError
FNF:6
FNH:2
FNDA:0,isAppError
FNDA:0,errorTypeToStatusCode
FNDA:2,conflictError
FNDA:3,notFoundError
FNDA:0,unauthorizedError
FNDA:0,wrongSchemaError
DA:7,1
DA:8,0
DA:11,1
DA:12,0
DA:13,0
DA:14,0
DA:15,0
DA:16,0
DA:19,1
DA:20,2
DA:23,1
DA:24,3
DA:27,1
DA:28,0
DA:31,1
DA:32,0
LF:16
LH:8
BRDA:12,0,0,0
BRDA:13,1,0,0
BRDA:14,2,0,0
BRDA:15,3,0,0
BRDA:20,4,0,2
BRDA:20,4,1,0
BRDA:20,5,0,2
BRDA:20,5,1,2
BRDA:24,6,0,0
BRDA:24,6,1,3
BRDA:24,7,0,3
BRDA:24,7,1,3
BRDA:28,8,0,0
BRDA:28,8,1,0
BRDA:28,9,0,0
BRDA:28,9,1,0
BRDA:32,10,0,0
BRDA:32,10,1,0
BRDA:32,11,0,0
BRDA:32,11,1,0
BRF:20
BRH:6
end_of_record
TN:
SF:tests/factory/recomendantionFactory.ts
FN:6,createBodyTest
FN:14,createRecommendation
FN:28,makeRecommendations
FNF:3
FNH:2
FNDA:2,createBodyTest
FNDA:0,createRecommendation
FNDA:3,makeRecommendations
DA:1,1
DA:2,1
DA:3,1
DA:4,1
DA:6,1
DA:7,2
DA:14,1
DA:15,0
DA:19,0
DA:22,0
DA:25,0
DA:28,1
DA:29,3
DA:43,3
LF:14
LH:10
BRF:0
BRH:0
end_of_record
